<?xml version="1.0" encoding="UTF-8"?>
<testsuite name="com.mazda.automation.Cucumber.CucumberRunner" time="4.276" tests="12" errors="0" skipped="10" failures="0">
  <properties>
[...]
</properties>
  <testcase name="Given I am on &quot;cars/mazda3&quot; page" classname="Scenario: Mazda3 page UI tests" time="0.004"/>
  <testcase name="Then Color radio buttons exists on the page" classname="Scenario: Mazda3 page UI tests" time="0.028">
    <skipped/>
    <system-out><![CDATA[
  Background:                        &amp#27;[90m# Mazda3Page.feature:3&amp#27;[0m
    &amp#27;[32mGiven &amp#27;[0m&amp#27;[32mI am on "&amp#27;[0m&amp#27;[32m&amp#27;[1mcars/mazda3&amp#27;[0m&amp#27;[32m" page&amp#27;[0m &amp#27;[90m# StepDefs.i_am_on_page(String)&amp#27;[0m
]]></system-out>
  </testcase>
  <testcase name="And Model image is present on the page" classname="Scenario: Mazda3 page UI tests" time="0.032">
    <skipped/>
  </testcase>
  <testcase name="And Model body type exists on the page" classname="Scenario: Mazda3 page UI tests" time="0.038">
    <skipped/>
  </testcase>
  <testcase name="And Tool tip text on the page is &quot;Sample text&quot;" classname="Scenario: Mazda3 page UI tests" time="0.04">
    <skipped/>
  </testcase>
  <testcase name="And Total number of color switch radio buttons are 8" classname="Scenario: Mazda3 page UI tests" time="0.042">
    <skipped/>
  </testcase>
  <testcase name="When I click on each color switch radio button" classname="Scenario: Mazda3 page UI tests" time="0.044">
    <skipped/>
  </testcase>
  <testcase name="Then I see a model image for each color" classname="Scenario: Mazda3 page UI tests" time="0.048">
    <skipped/>
  </testcase>
  <testcase name="When I click on body switch button &quot;sedan&quot;" classname="Scenario: Mazda3 page UI tests" time="0.051">
    <skipped/>
  </testcase>
  <testcase name="Then I see a model image for &quot;sedan&quot;" classname="Scenario: Mazda3 page UI tests" time="0.054">
    <skipped/>
  </testcase>
  <testcase name="Scenario: Mazda3 page UI tests" classname="Scenario: Mazda3 page UI tests" time="1.947">
    <skipped/>
    <system-out>Browser Closed ++++++++++++++++++++++
</system-out>
  </testcase>
  <testcase name="Scenario: Mazda3 page UI tests" classname="Scenario: Mazda3 page UI tests" time="1.948"/>
</testsuite>