<?xml version="1.0" encoding="UTF-8"?><testsuite failures="0" name="cucumber.runtime.formatter.JUnitFormatter" skipped="0" tests="1" time="29.0515">
<testcase classname="Mazda 3 page feature" name="Mazda3 page UI tests" time="29.0515">
<system-out><![CDATA[Given I am on "cars/mazda3" page............................................passed
Then Color radio buttons exists on the page.................................passed
And Model image is present on the page......................................passed
And Model body type exists on the page......................................passed
And Tool tip text on the page is:...........................................passed
And Total number of color switch radio buttons are 8........................passed
And I see corresponding model image upon clicking each color................passed
When I click on body switch button "sedan"..................................passed
Then I see a model image for "sedan"........................................passed
]]></system-out>
</testcase>
</testsuite>
